# JRE version: Java(TM) SE Runtime Environment (8.0_212-b10) (build 1.8.0_212-b10)
# Java VM: Java HotSpot(TM) 64-Bit Server VM (25.212-b10 mixed mode windows-amd64 compressed oops)
Heap:
 PSYoungGen      total 500224K, used 288761K [0x000000076b000000, 0x00000007a9800000, 0x00000007c0000000)
  eden space 211456K, 0% used [0x000000076b000000,0x000000076b000000,0x0000000777e80000)
  from space 288768K, 99% used [0x000000078e280000,0x000000079fc7e768,0x000000079fc80000)
  to   space 364544K, 0% used [0x0000000777e80000,0x0000000777e80000,0x000000078e280000)
 ParOldGen       total 466432K, used 413020K [0x00000006c1000000, 0x00000006dd780000, 0x000000076b000000)
  object space 466432K, 88% used [0x00000006c1000000,0x00000006da357260,0x00000006dd780000)
 Metaspace       used 4146K, capacity 4604K, committed 4864K, reserved 1056768K
  class space    used 459K, capacity 492K, committed 512K, reserved 1048576K
GC Heap History (10 events):
Event: 5.389 GC heap after
Heap after GC invocations=8 (full 2):
 PSYoungGen      total 271360K, used 55863K [0x000000076b000000, 0x0000000785e80000, 0x00000007c0000000)
  eden space 173568K, 0% used [0x000000076b000000,0x000000076b000000,0x0000000775980000)
  from space 97792K, 57% used [0x000000077ff00000,0x000000078358dc60,0x0000000785e80000)
  to   space 133632K, 0% used [0x0000000775980000,0x0000000775980000,0x000000077dc00000)
 ParOldGen       total 466432K, used 185731K [0x00000006c1000000, 0x00000006dd780000, 0x000000076b000000)
  object space 466432K, 39% used [0x00000006c1000000,0x00000006cc560c48,0x00000006dd780000)
 Metaspace       used 4146K, capacity 4604K, committed 4864K, reserved 1056768K
  class space    used 459K, capacity 492K, committed 512K, reserved 1048576K
}
Event: 5.434 GC heap before
{Heap before GC invocations=9 (full 2):
 PSYoungGen      total 271360K, used 200621K [0x000000076b000000, 0x0000000785e80000, 0x00000007c0000000)
  eden space 173568K, 83% used [0x000000076b000000,0x0000000773d5dad0,0x0000000775980000)
  from space 97792K, 57% used [0x000000077ff00000,0x000000078358dc60,0x0000000785e80000)
  to   space 133632K, 0% used [0x0000000775980000,0x0000000775980000,0x000000077dc00000)
 ParOldGen       total 466432K, used 185731K [0x00000006c1000000, 0x00000006dd780000, 0x000000076b000000)
  object space 466432K, 39% used [0x00000006c1000000,0x00000006cc560c48,0x00000006dd780000)
 Metaspace       used 4146K, capacity 4604K, committed 4864K, reserved 1056768K
  class space    used 459K, capacity 492K, committed 512K, reserved 1048576K
Event: 5.552 GC heap after
Heap after GC invocations=9 (full 2):
 PSYoungGen      total 307200K, used 133616K [0x000000076b000000, 0x0000000793580000, 0x00000007c0000000)
  eden space 173568K, 0% used [0x000000076b000000,0x000000076b000000,0x0000000775980000)
  from space 133632K, 99% used [0x0000000775980000,0x000000077dbfc348,0x000000077dc00000)
  to   space 208384K, 0% used [0x0000000786a00000,0x0000000786a00000,0x0000000793580000)
 ParOldGen       total 466432K, used 287444K [0x00000006c1000000, 0x00000006dd780000, 0x000000076b000000)
  object space 466432K, 61% used [0x00000006c1000000,0x00000006d28b5260,0x00000006dd780000)
 Metaspace       used 4146K, capacity 4604K, committed 4864K, reserved 1056768K
  class space    used 459K, capacity 492K, committed 512K, reserved 1048576K
}
Event: 5.605 GC heap before
{Heap before GC invocations=10 (full 2):
 PSYoungGen      total 307200K, used 307184K [0x000000076b000000, 0x0000000793580000, 0x00000007c0000000)
  eden space 173568K, 100% used [0x000000076b000000,0x0000000775980000,0x0000000775980000)
  from space 133632K, 99% used [0x0000000775980000,0x000000077dbfc348,0x000000077dc00000)
  to   space 208384K, 0% used [0x0000000786a00000,0x0000000786a00000,0x0000000793580000)
 ParOldGen       total 466432K, used 287444K [0x00000006c1000000, 0x00000006dd780000, 0x000000076b000000)
  object space 466432K, 61% used [0x00000006c1000000,0x00000006d28b5260,0x00000006dd780000)
 Metaspace       used 4146K, capacity 4604K, committed 4864K, reserved 1056768K
  class space    used 459K, capacity 492K, committed 512K, reserved 1048576K
Event: 5.711 GC heap after
Heap after GC invocations=10 (full 2):
 PSYoungGen      total 427520K, used 181126K [0x000000076b000000, 0x0000000797180000, 0x00000007c0000000)
  eden space 219136K, 0% used [0x000000076b000000,0x000000076b000000,0x0000000778600000)
  from space 208384K, 86% used [0x0000000786a00000,0x0000000791ae1a50,0x0000000793580000)
  to   space 233472K, 0% used [0x0000000778600000,0x0000000778600000,0x0000000786a00000)
 ParOldGen       total 466432K, used 287444K [0x00000006c1000000, 0x00000006dd780000, 0x000000076b000000)
  object space 466432K, 61% used [0x00000006c1000000,0x00000006d28b5260,0x00000006dd780000)
 Metaspace       used 4146K, capacity 4604K, committed 4864K, reserved 1056768K
  class space    used 459K, capacity 492K, committed 512K, reserved 1048576K
}
Event: 5.792 GC heap before
{Heap before GC invocations=11 (full 2):
 PSYoungGen      total 427520K, used 400262K [0x000000076b000000, 0x0000000797180000, 0x00000007c0000000)
  eden space 219136K, 100% used [0x000000076b000000,0x0000000778600000,0x0000000778600000)
  from space 208384K, 86% used [0x0000000786a00000,0x0000000791ae1a50,0x0000000793580000)
  to   space 233472K, 0% used [0x0000000778600000,0x0000000778600000,0x0000000786a00000)
 ParOldGen       total 466432K, used 287444K [0x00000006c1000000, 0x00000006dd780000, 0x000000076b000000)
  object space 466432K, 61% used [0x00000006c1000000,0x00000006d28b5260,0x00000006dd780000)
 Metaspace       used 4146K, capacity 4604K, committed 4864K, reserved 1056768K
  class space    used 459K, capacity 492K, committed 512K, reserved 1048576K
Event: 5.949 GC heap after
Heap after GC invocations=11 (full 2):
 PSYoungGen      total 452608K, used 233447K [0x000000076b000000, 0x000000079fc80000, 0x00000007c0000000)
  eden space 219136K, 0% used [0x000000076b000000,0x000000076b000000,0x0000000778600000)
  from space 233472K, 99% used [0x0000000778600000,0x00000007869f9f90,0x0000000786a00000)
  to   space 288768K, 0% used [0x000000078e280000,0x000000078e280000,0x000000079fc80000)
 ParOldGen       total 466432K, used 330124K [0x00000006c1000000, 0x00000006dd780000, 0x000000076b000000)
  object space 466432K, 70% used [0x00000006c1000000,0x00000006d5263260,0x00000006dd780000)
 Metaspace       used 4146K, capacity 4604K, committed 4864K, reserved 1056768K
  class space    used 459K, capacity 492K, committed 512K, reserved 1048576K
}
Event: 6.026 GC heap before
{Heap before GC invocations=12 (full 2):
 PSYoungGen      total 452608K, used 452583K [0x000000076b000000, 0x000000079fc80000, 0x00000007c0000000)
  eden space 219136K, 100% used [0x000000076b000000,0x0000000778600000,0x0000000778600000)
  from space 233472K, 99% used [0x0000000778600000,0x00000007869f9f90,0x0000000786a00000)
  to   space 288768K, 0% used [0x000000078e280000,0x000000078e280000,0x000000079fc80000)
 ParOldGen       total 466432K, used 330124K [0x00000006c1000000, 0x00000006dd780000, 0x000000076b000000)
  object space 466432K, 70% used [0x00000006c1000000,0x00000006d5263260,0x00000006dd780000)
 Metaspace       used 4146K, capacity 4604K, committed 4864K, reserved 1056768K
  class space    used 459K, capacity 492K, committed 512K, reserved 1048576K
Event: 6.262 GC heap after
Heap after GC invocations=12 (full 2):
 PSYoungGen      total 500224K, used 288761K [0x000000076b000000, 0x00000007a9800000, 0x00000007c0000000)
  eden space 211456K, 0% used [0x000000076b000000,0x000000076b000000,0x0000000777e80000)
  from space 288768K, 99% used [0x000000078e280000,0x000000079fc7e768,0x000000079fc80000)
  to   space 364544K, 0% used [0x0000000777e80000,0x0000000777e80000,0x000000078e280000)
 ParOldGen       total 466432K, used 413020K [0x00000006c1000000, 0x00000006dd780000, 0x000000076b000000)
  object space 466432K, 88% used [0x00000006c1000000,0x00000006da357260,0x00000006dd780000)
 Metaspace       used 4146K, capacity 4604K, committed 4864K, reserved 1056768K
  class space    used 459K, capacity 492K, committed 512K, reserved 1048576K
}
Event: 6.262 GC heap before
{Heap before GC invocations=13 (full 3):
 PSYoungGen      total 500224K, used 288761K [0x000000076b000000, 0x00000007a9800000, 0x00000007c0000000)
  eden space 211456K, 0% used [0x000000076b000000,0x000000076b000000,0x0000000777e80000)
  from space 288768K, 99% used [0x000000078e280000,0x000000079fc7e768,0x000000079fc80000)
  to   space 364544K, 0% used [0x0000000777e80000,0x0000000777e80000,0x000000078e280000)
 ParOldGen       total 466432K, used 413020K [0x00000006c1000000, 0x00000006dd780000, 0x000000076b000000)
  object space 466432K, 88% used [0x00000006c1000000,0x00000006da357260,0x00000006dd780000)
 Metaspace       used 4146K, capacity 4604K, committed 4864K, reserved 1056768K
  class space    used 459K, capacity 492K, committed 512K, reserved 1048576K

